<?xml version="1.0" encoding="UTF-8"?>
<!-- Generated by org.testng.reporters.JUnitReportReporter -->
<testsuite skipped="0" hostname="guo-PC" name="com.TestSpring.TestMain" tests="1" failures="0" timestamp="2019-03-23T16:24:09 CST" time="30.014" errors="0">
  <testcase name="testYun" time="30.014" classname="com.TestSpring.TestMain"/>
</testsuite> <!-- com.TestSpring.TestMain -->
